# JRE version: OpenJDK Runtime Environment (11.0.10) (build 11.0.10+0-b96-7249189)
# Java VM: OpenJDK 64-Bit Server VM (11.0.10+0-b96-7249189, mixed mode, tiered, compressed oops, g1 gc, windows-amd64)
Heap:
 garbage-first heap   total 159744K, used 53412K [0x00000000c8c00000, 0x0000000100000000)
  region size 1024K, 7 young (7168K), 2 survivors (2048K)
 Metaspace       used 53846K, capacity 54424K, committed 54604K, reserved 1097728K
  class space    used 6159K, capacity 6385K, committed 6476K, reserved 1048576K
GC Heap History (20 events):
Event: 120.309 GC heap before
{Heap before GC invocations=23 (full 0):
 garbage-first heap   total 133120K, used 45944K [0x00000000c8c00000, 0x0000000100000000)
  region size 1024K, 7 young (7168K), 1 survivors (1024K)
 Metaspace       used 49244K, capacity 49760K, committed 49996K, reserved 1093632K
  class space    used 5677K, capacity 5854K, committed 5964K, reserved 1048576K
}
Event: 120.533 GC heap after
{Heap after GC invocations=24 (full 0):
 garbage-first heap   total 133120K, used 40794K [0x00000000c8c00000, 0x0000000100000000)
  region size 1024K, 1 young (1024K), 1 survivors (1024K)
 Metaspace       used 49244K, capacity 49760K, committed 49996K, reserved 1093632K
  class space    used 5677K, capacity 5854K, committed 5964K, reserved 1048576K
}
Event: 123.155 GC heap before
{Heap before GC invocations=24 (full 0):
 garbage-first heap   total 133120K, used 45914K [0x00000000c8c00000, 0x0000000100000000)
  region size 1024K, 6 young (6144K), 1 survivors (1024K)
 Metaspace       used 49473K, capacity 50048K, committed 50252K, reserved 1093632K
  class space    used 5688K, capacity 5886K, committed 5964K, reserved 1048576K
}
Event: 123.233 GC heap after
{Heap after GC invocations=25 (full 0):
 garbage-first heap   total 133120K, used 41740K [0x00000000c8c00000, 0x0000000100000000)
  region size 1024K, 1 young (1024K), 1 survivors (1024K)
 Metaspace       used 49473K, capacity 50048K, committed 50252K, reserved 1093632K
  class space    used 5688K, capacity 5886K, committed 5964K, reserved 1048576K
}
Event: 124.837 GC heap before
{Heap before GC invocations=25 (full 0):
 garbage-first heap   total 133120K, used 47884K [0x00000000c8c00000, 0x0000000100000000)
  region size 1024K, 7 young (7168K), 1 survivors (1024K)
 Metaspace       used 49584K, capacity 50113K, committed 50508K, reserved 1093632K
  class space    used 5688K, capacity 5886K, committed 5964K, reserved 1048576K
}
Event: 125.099 GC heap after
{Heap after GC invocations=26 (full 0):
 garbage-first heap   total 133120K, used 43128K [0x00000000c8c00000, 0x0000000100000000)
  region size 1024K, 1 young (1024K), 1 survivors (1024K)
 Metaspace       used 49584K, capacity 50113K, committed 50508K, reserved 1093632K
  class space    used 5688K, capacity 5886K, committed 5964K, reserved 1048576K
}
Event: 129.080 GC heap before
{Heap before GC invocations=26 (full 0):
 garbage-first heap   total 133120K, used 48248K [0x00000000c8c00000, 0x0000000100000000)
  region size 1024K, 6 young (6144K), 1 survivors (1024K)
 Metaspace       used 49643K, capacity 50177K, committed 50508K, reserved 1093632K
  class space    used 5689K, capacity 5886K, committed 5964K, reserved 1048576K
}
Event: 129.314 GC heap after
{Heap after GC invocations=27 (full 0):
 garbage-first heap   total 133120K, used 44152K [0x00000000c8c00000, 0x0000000100000000)
  region size 1024K, 1 young (1024K), 1 survivors (1024K)
 Metaspace       used 49643K, capacity 50177K, committed 50508K, reserved 1093632K
  class space    used 5689K, capacity 5886K, committed 5964K, reserved 1048576K
}
Event: 130.768 GC heap before
{Heap before GC invocations=27 (full 0):
 garbage-first heap   total 133120K, used 49272K [0x00000000c8c00000, 0x0000000100000000)
  region size 1024K, 6 young (6144K), 1 survivors (1024K)
 Metaspace       used 49692K, capacity 50241K, committed 50508K, reserved 1093632K
  class space    used 5689K, capacity 5886K, committed 5964K, reserved 1048576K
}
Event: 130.878 GC heap after
{Heap after GC invocations=28 (full 0):
 garbage-first heap   total 133120K, used 45257K [0x00000000c8c00000, 0x0000000100000000)
  region size 1024K, 1 young (1024K), 1 survivors (1024K)
 Metaspace       used 49692K, capacity 50241K, committed 50508K, reserved 1093632K
  class space    used 5689K, capacity 5886K, committed 5964K, reserved 1048576K
}
Event: 140.095 GC heap before
{Heap before GC invocations=28 (full 0):
 garbage-first heap   total 133120K, used 51401K [0x00000000c8c00000, 0x0000000100000000)
  region size 1024K, 7 young (7168K), 1 survivors (1024K)
 Metaspace       used 50020K, capacity 50541K, committed 50764K, reserved 1093632K
  class space    used 5712K, capacity 5922K, committed 5964K, reserved 1048576K
}
Event: 140.275 GC heap after
{Heap after GC invocations=29 (full 0):
 garbage-first heap   total 133120K, used 46256K [0x00000000c8c00000, 0x0000000100000000)
  region size 1024K, 1 young (1024K), 1 survivors (1024K)
 Metaspace       used 50020K, capacity 50541K, committed 50764K, reserved 1093632K
  class space    used 5712K, capacity 5922K, committed 5964K, reserved 1048576K
}
Event: 150.201 GC heap before
{Heap before GC invocations=29 (full 0):
 garbage-first heap   total 133120K, used 51376K [0x00000000c8c00000, 0x0000000100000000)
  region size 1024K, 7 young (7168K), 1 survivors (1024K)
 Metaspace       used 51163K, capacity 51713K, committed 51916K, reserved 1095680K
  class space    used 5844K, capacity 6057K, committed 6092K, reserved 1048576K
}
Event: 150.445 GC heap after
{Heap after GC invocations=30 (full 0):
 garbage-first heap   total 133120K, used 46704K [0x00000000c8c00000, 0x0000000100000000)
  region size 1024K, 1 young (1024K), 1 survivors (1024K)
 Metaspace       used 51163K, capacity 51713K, committed 51916K, reserved 1095680K
  class space    used 5844K, capacity 6057K, committed 6092K, reserved 1048576K
}
Event: 161.681 GC heap before
{Heap before GC invocations=30 (full 0):
 garbage-first heap   total 133120K, used 51824K [0x00000000c8c00000, 0x0000000100000000)
  region size 1024K, 7 young (7168K), 1 survivors (1024K)
 Metaspace       used 52366K, capacity 52980K, committed 53196K, reserved 1095680K
  class space    used 5992K, capacity 6224K, committed 6348K, reserved 1048576K
}
Event: 161.848 GC heap after
{Heap after GC invocations=31 (full 0):
 garbage-first heap   total 133120K, used 47475K [0x00000000c8c00000, 0x0000000100000000)
  region size 1024K, 1 young (1024K), 1 survivors (1024K)
 Metaspace       used 52366K, capacity 52980K, committed 53196K, reserved 1095680K
  class space    used 5992K, capacity 6224K, committed 6348K, reserved 1048576K
}
Event: 163.347 GC heap before
{Heap before GC invocations=31 (full 0):
 garbage-first heap   total 133120K, used 52595K [0x00000000c8c00000, 0x0000000100000000)
  region size 1024K, 7 young (7168K), 1 survivors (1024K)
 Metaspace       used 52396K, capacity 52980K, committed 53196K, reserved 1095680K
  class space    used 5992K, capacity 6224K, committed 6348K, reserved 1048576K
}
Event: 163.431 GC heap after
{Heap after GC invocations=32 (full 0):
 garbage-first heap   total 159744K, used 48000K [0x00000000c8c00000, 0x0000000100000000)
  region size 1024K, 1 young (1024K), 1 survivors (1024K)
 Metaspace       used 52396K, capacity 52980K, committed 53196K, reserved 1095680K
  class space    used 5992K, capacity 6224K, committed 6348K, reserved 1048576K
}
Event: 186.715 GC heap before
{Heap before GC invocations=32 (full 0):
 garbage-first heap   total 159744K, used 56192K [0x00000000c8c00000, 0x0000000100000000)
  region size 1024K, 9 young (9216K), 1 survivors (1024K)
 Metaspace       used 53393K, capacity 54008K, committed 54348K, reserved 1097728K
  class space    used 6105K, capacity 6353K, committed 6476K, reserved 1048576K
}
Event: 186.800 GC heap after
{Heap after GC invocations=33 (full 0):
 garbage-first heap   total 159744K, used 49316K [0x00000000c8c00000, 0x0000000100000000)
  region size 1024K, 2 young (2048K), 2 survivors (2048K)
 Metaspace       used 53393K, capacity 54008K, committed 54348K, reserved 1097728K
  class space    used 6105K, capacity 6353K, committed 6476K, reserved 1048576K
}

